<?xml version="1.0" encoding="UTF-8"?>
<!-- Generated by org.testng.reporters.JUnitXMLReporter -->
<testsuite ignored="0" hostname="FFE-Sanjay-PS-FFE177" failures="1" tests="5" name="Test" time="181.48" errors="0" timestamp="2024-09-20T20:33:52 IST">
  <testcase classname="com.crm.vtiger.CreateContact.CreateContactTest" name="createContact" time="24.672">
    <skipped/>
  </testcase> <!-- createContact -->
  <testcase classname="com.crm.vtiger.CreateContact.CreateContactTest" name="createContact" time="23.216">
    <skipped/>
  </testcase> <!-- createContact -->
  <testcase classname="com.crm.vtiger.CreateContact.CreateContactTest" name="createContact" time="22.882">
    <skipped/>
  </testcase> <!-- createContact -->
  <testcase classname="com.crm.vtiger.CreateContact.CreateContactTest" name="createContact" time="22.537">
    <failure type="java.lang.AssertionError" message="The following asserts failed:
	expected [Administrator - Contacts - vtiger CRM 5 - Commercial Open Source CRM] but found [Administrator - Home - vtiger CRM 5 - Commercial Open Source CRM]">
      <![CDATA[java.lang.AssertionError: The following asserts failed:
expected [Administrator - Contacts - vtiger CRM 5 - Commercial Open Source CRM] but found [Administrator - Home - vtiger CRM 5 - Commercial Open Source CRM]
at com.crm.vtiger.CreateContact.CreateContactTest.createContact(CreateContactTest.java:79)
at java.base/java.util.ArrayList.forEach(ArrayList.java:1511)
... Removed 29 stack frames]]>
    </failure>
  </testcase> <!-- createContact -->
  <testcase classname="com.crm.vtiger.CreateContact.CreateContactTest" name="createContactClone" time="24.319"/>
</testsuite> <!-- Test -->
